-------------------------------------------------------------------------------
Test set: com.udacity.catpoint.SecurityServiceTest
-------------------------------------------------------------------------------
Tests run: 16, Failures: 0, Errors: 16, Skipped: 0, Time elapsed: 0.396 s <<< FAILURE! - in com.udacity.catpoint.SecurityServiceTest
systemSetToNoAlarmWhenPendingAlarmAndSensorInactive  Time elapsed: 0.123 s  <<< ERROR!
java.lang.NullPointerException: Cannot invoke "com.udacity.catpoint.data.SecurityRepository.getAlarmStatus()" because "this.securityRepository" is null
	at com.udacity.catpoint.SecurityServiceTest.systemSetToNoAlarmWhenPendingAlarmAndSensorInactive(SecurityServiceTest.java:78)

noAlarmStatusChangeWhenSensorDeactivatedFromInactive  Time elapsed: 0.001 s  <<< ERROR!
java.lang.NullPointerException: Cannot invoke "com.udacity.catpoint.data.SecurityRepository.getAlarmStatus()" because "this.securityRepository" is null
	at com.udacity.catpoint.SecurityServiceTest.noAlarmStatusChangeWhenSensorDeactivatedFromInactive(SecurityServiceTest.java:141)

inactiveSensorsWhenSystemArmed{ArmingStatus}[1]  Time elapsed: 0.031 s  <<< ERROR!
java.lang.NullPointerException: Cannot invoke "com.udacity.catpoint.data.SecurityRepository.getAlarmStatus()" because "this.securityRepository" is null
	at com.udacity.catpoint.SecurityServiceTest.inactiveSensorsWhenSystemArmed(SecurityServiceTest.java:165)

inactiveSensorsWhenSystemArmed{ArmingStatus}[2]  Time elapsed: 0.002 s  <<< ERROR!
java.lang.NullPointerException: Cannot invoke "com.udacity.catpoint.data.SecurityRepository.getAlarmStatus()" because "this.securityRepository" is null
	at com.udacity.catpoint.SecurityServiceTest.inactiveSensorsWhenSystemArmed(SecurityServiceTest.java:165)

systemSetToAlarmStatusWhenArmedAndSensorActivatedInPendingAlarm  Time elapsed: 0.001 s  <<< ERROR!
java.lang.NullPointerException: Cannot invoke "com.udacity.catpoint.data.SecurityRepository.getArmingStatus()" because "this.securityRepository" is null
	at com.udacity.catpoint.SecurityServiceTest.systemSetToAlarmStatusWhenArmedAndSensorActivatedInPendingAlarm(SecurityServiceTest.java:68)

alarmStatusChangeWhenSystemHasCatAndArmedHome  Time elapsed: 0.001 s  <<< ERROR!
java.lang.NullPointerException: Cannot invoke "com.udacity.catpoint.data.SecurityRepository.getArmingStatus()" because "this.securityRepository" is null
	at com.udacity.catpoint.SecurityServiceTest.alarmStatusChangeWhenSystemHasCatAndArmedHome(SecurityServiceTest.java:199)

systemSetToAlarmWhenCatDetectedAndArmedHome  Time elapsed: 0.103 s  <<< ERROR!
org.mockito.exceptions.misusing.InvalidUseOfMatchersException: 

Misplaced or misused argument matcher detected here:

-> at com.udacity.catpoint.SecurityServiceTest.systemSetToAlarmWhenCatDetectedAndArmedHome(SecurityServiceTest.java:121)
-> at com.udacity.catpoint.SecurityServiceTest.systemSetToAlarmWhenCatDetectedAndArmedHome(SecurityServiceTest.java:121)

You cannot use argument matchers outside of verification or stubbing.
Examples of correct usage of argument matchers:
    when(mock.get(anyInt())).thenReturn(null);
    doThrow(new RuntimeException()).when(mock).someVoidMethod(anyObject());
    verify(mock).someMethod(contains("foo"))

This message may appear after an NullPointerException if the last matcher is returning an object 
like any() but the stubbed method signature expect a primitive argument, in this case,
use primitive alternatives.
    when(mock.get(any())); // bad use, will raise NPE
    when(mock.get(anyInt())); // correct usage use

Also, this error might show up because you use argument matchers with methods that cannot be mocked.
Following methods *cannot* be stubbed/verified: final/private/equals()/hashCode().
Mocking methods declared on non-public parent classes is not supported.

	at com.udacity.catpoint.SecurityServiceTest.systemSetToAlarmWhenCatDetectedAndArmedHome(SecurityServiceTest.java:121)

noAlarmStatusWhenNoCatDetected  Time elapsed: 0.003 s  <<< ERROR!
org.mockito.exceptions.misusing.InvalidUseOfMatchersException: 

Misplaced or misused argument matcher detected here:

-> at com.udacity.catpoint.SecurityServiceTest.noAlarmStatusWhenNoCatDetected(SecurityServiceTest.java:153)
-> at com.udacity.catpoint.SecurityServiceTest.noAlarmStatusWhenNoCatDetected(SecurityServiceTest.java:153)

You cannot use argument matchers outside of verification or stubbing.
Examples of correct usage of argument matchers:
    when(mock.get(anyInt())).thenReturn(null);
    doThrow(new RuntimeException()).when(mock).someVoidMethod(anyObject());
    verify(mock).someMethod(contains("foo"))

This message may appear after an NullPointerException if the last matcher is returning an object 
like any() but the stubbed method signature expect a primitive argument, in this case,
use primitive alternatives.
    when(mock.get(any())); // bad use, will raise NPE
    when(mock.get(anyInt())); // correct usage use

Also, this error might show up because you use argument matchers with methods that cannot be mocked.
Following methods *cannot* be stubbed/verified: final/private/equals()/hashCode().
Mocking methods declared on non-public parent classes is not supported.

	at com.udacity.catpoint.SecurityServiceTest.noAlarmStatusWhenNoCatDetected(SecurityServiceTest.java:153)

alarmStatusChangedWhenCatDetectedOnArmedHome  Time elapsed: 0.002 s  <<< ERROR!
org.mockito.exceptions.misusing.InvalidUseOfMatchersException: 

Misplaced or misused argument matcher detected here:

-> at com.udacity.catpoint.SecurityServiceTest.alarmStatusChangedWhenCatDetectedOnArmedHome(SecurityServiceTest.java:131)
-> at com.udacity.catpoint.SecurityServiceTest.alarmStatusChangedWhenCatDetectedOnArmedHome(SecurityServiceTest.java:131)

You cannot use argument matchers outside of verification or stubbing.
Examples of correct usage of argument matchers:
    when(mock.get(anyInt())).thenReturn(null);
    doThrow(new RuntimeException()).when(mock).someVoidMethod(anyObject());
    verify(mock).someMethod(contains("foo"))

This message may appear after an NullPointerException if the last matcher is returning an object 
like any() but the stubbed method signature expect a primitive argument, in this case,
use primitive alternatives.
    when(mock.get(any())); // bad use, will raise NPE
    when(mock.get(anyInt())); // correct usage use

Also, this error might show up because you use argument matchers with methods that cannot be mocked.
Following methods *cannot* be stubbed/verified: final/private/equals()/hashCode().
Mocking methods declared on non-public parent classes is not supported.

	at com.udacity.catpoint.SecurityServiceTest.alarmStatusChangedWhenCatDetectedOnArmedHome(SecurityServiceTest.java:131)

systemInPendingAlarmStatusWhenArmedAndSensorActivated  Time elapsed: 0.001 s  <<< ERROR!
java.lang.NullPointerException: Cannot invoke "com.udacity.catpoint.data.SecurityRepository.getArmingStatus()" because "this.securityRepository" is null
	at com.udacity.catpoint.SecurityServiceTest.systemInPendingAlarmStatusWhenArmedAndSensorActivated(SecurityServiceTest.java:58)

systemSetToAlarmWhenSensorActivatedAndPendingAlarm  Time elapsed: 0.001 s  <<< ERROR!
java.lang.NullPointerException: Cannot invoke "com.udacity.catpoint.data.SecurityRepository.getAlarmStatus()" because "this.securityRepository" is null
	at com.udacity.catpoint.SecurityServiceTest.systemSetToAlarmWhenSensorActivatedAndPendingAlarm(SecurityServiceTest.java:110)

alarmStatusChangeWhenSystemHasCatAndArmed  Time elapsed: 0.002 s  <<< ERROR!
org.mockito.exceptions.misusing.InvalidUseOfMatchersException: 

Misplaced or misused argument matcher detected here:

-> at com.udacity.catpoint.SecurityServiceTest.alarmStatusChangeWhenSystemHasCatAndArmed(SecurityServiceTest.java:178)
-> at com.udacity.catpoint.SecurityServiceTest.alarmStatusChangeWhenSystemHasCatAndArmed(SecurityServiceTest.java:178)

You cannot use argument matchers outside of verification or stubbing.
Examples of correct usage of argument matchers:
    when(mock.get(anyInt())).thenReturn(null);
    doThrow(new RuntimeException()).when(mock).someVoidMethod(anyObject());
    verify(mock).someMethod(contains("foo"))

This message may appear after an NullPointerException if the last matcher is returning an object 
like any() but the stubbed method signature expect a primitive argument, in this case,
use primitive alternatives.
    when(mock.get(any())); // bad use, will raise NPE
    when(mock.get(anyInt())); // correct usage use

Also, this error might show up because you use argument matchers with methods that cannot be mocked.
Following methods *cannot* be stubbed/verified: final/private/equals()/hashCode().
Mocking methods declared on non-public parent classes is not supported.

	at com.udacity.catpoint.SecurityServiceTest.alarmStatusChangeWhenSystemHasCatAndArmed(SecurityServiceTest.java:178)

noAlarmStatusChangeWhenAlarmActiveAndSensorChanged  Time elapsed: 0.004 s  <<< ERROR!
java.lang.NullPointerException: Cannot invoke "com.udacity.catpoint.data.SecurityRepository.getAlarmStatus()" because "this.securityRepository" is null
	at com.udacity.catpoint.SecurityServiceTest.noAlarmStatusChangeWhenAlarmActiveAndSensorChanged(SecurityServiceTest.java:98)

whenSystemIsDisarmedThenSetNoAlarmStatus  Time elapsed: 0.002 s  <<< ERROR!
java.lang.NullPointerException: Cannot invoke "com.udacity.catpoint.data.SecurityRepository.setAlarmStatus(com.udacity.catpoint.data.AlarmStatus)" because "this.securityRepository" is null
	at com.udacity.catpoint.SecurityServiceTest.whenSystemIsDisarmedThenSetNoAlarmStatus(SecurityServiceTest.java:91)

sensorActivationWhenArmingStatusDisarmed{AlarmStatus}[1]  Time elapsed: 0.002 s  <<< ERROR!
java.lang.NullPointerException: Cannot invoke "com.udacity.catpoint.data.SecurityRepository.getArmingStatus()" because "this.securityRepository" is null
	at com.udacity.catpoint.SecurityServiceTest.sensorActivationWhenArmingStatusDisarmed(SecurityServiceTest.java:189)

sensorActivationWhenArmingStatusDisarmed{AlarmStatus}[2]  Time elapsed: 0.001 s  <<< ERROR!
java.lang.NullPointerException: Cannot invoke "com.udacity.catpoint.data.SecurityRepository.getArmingStatus()" because "this.securityRepository" is null
	at com.udacity.catpoint.SecurityServiceTest.sensorActivationWhenArmingStatusDisarmed(SecurityServiceTest.java:189)

