<?xml version="1.0" encoding="UTF-8"?>
<testsuite xmlns:xsi="http://www.w3.org/2001/XMLSchema-instance" xsi:noNamespaceSchemaLocation="https://maven.apache.org/surefire/maven-surefire-plugin/xsd/surefire-test-report.xsd" name="com.udacity.catpoint.SecurityServiceTest" time="0.396" tests="16" errors="16" skipped="0" failures="0">
  <properties>
[...]
</properties>
  <testcase name="systemSetToNoAlarmWhenPendingAlarmAndSensorInactive" classname="com.udacity.catpoint.SecurityServiceTest" time="0.123">
    <error message="Cannot invoke &quot;com.udacity.catpoint.data.SecurityRepository.getAlarmStatus()&quot; because &quot;this.securityRepository&quot; is null" type="java.lang.NullPointerException">java.lang.NullPointerException: Cannot invoke "com.udacity.catpoint.data.SecurityRepository.getAlarmStatus()" because "this.securityRepository" is null
	at com.udacity.catpoint.SecurityServiceTest.systemSetToNoAlarmWhenPendingAlarmAndSensorInactive(SecurityServiceTest.java:78)
</error>
  </testcase>
  <testcase name="noAlarmStatusChangeWhenSensorDeactivatedFromInactive" classname="com.udacity.catpoint.SecurityServiceTest" time="0.001">
    <error message="Cannot invoke &quot;com.udacity.catpoint.data.SecurityRepository.getAlarmStatus()&quot; because &quot;this.securityRepository&quot; is null" type="java.lang.NullPointerException">java.lang.NullPointerException: Cannot invoke "com.udacity.catpoint.data.SecurityRepository.getAlarmStatus()" because "this.securityRepository" is null
	at com.udacity.catpoint.SecurityServiceTest.noAlarmStatusChangeWhenSensorDeactivatedFromInactive(SecurityServiceTest.java:141)
</error>
  </testcase>
  <testcase name="inactiveSensorsWhenSystemArmed{ArmingStatus}[1]" classname="com.udacity.catpoint.SecurityServiceTest" time="0.031">
    <error message="Cannot invoke &quot;com.udacity.catpoint.data.SecurityRepository.getAlarmStatus()&quot; because &quot;this.securityRepository&quot; is null" type="java.lang.NullPointerException">java.lang.NullPointerException: Cannot invoke "com.udacity.catpoint.data.SecurityRepository.getAlarmStatus()" because "this.securityRepository" is null
	at com.udacity.catpoint.SecurityServiceTest.inactiveSensorsWhenSystemArmed(SecurityServiceTest.java:165)
</error>
  </testcase>
  <testcase name="inactiveSensorsWhenSystemArmed{ArmingStatus}[2]" classname="com.udacity.catpoint.SecurityServiceTest" time="0.002">
    <error message="Cannot invoke &quot;com.udacity.catpoint.data.SecurityRepository.getAlarmStatus()&quot; because &quot;this.securityRepository&quot; is null" type="java.lang.NullPointerException">java.lang.NullPointerException: Cannot invoke "com.udacity.catpoint.data.SecurityRepository.getAlarmStatus()" because "this.securityRepository" is null
	at com.udacity.catpoint.SecurityServiceTest.inactiveSensorsWhenSystemArmed(SecurityServiceTest.java:165)
</error>
  </testcase>
  <testcase name="systemSetToAlarmStatusWhenArmedAndSensorActivatedInPendingAlarm" classname="com.udacity.catpoint.SecurityServiceTest" time="0.001">
    <error message="Cannot invoke &quot;com.udacity.catpoint.data.SecurityRepository.getArmingStatus()&quot; because &quot;this.securityRepository&quot; is null" type="java.lang.NullPointerException">java.lang.NullPointerException: Cannot invoke "com.udacity.catpoint.data.SecurityRepository.getArmingStatus()" because "this.securityRepository" is null
	at com.udacity.catpoint.SecurityServiceTest.systemSetToAlarmStatusWhenArmedAndSensorActivatedInPendingAlarm(SecurityServiceTest.java:68)
</error>
  </testcase>
  <testcase name="alarmStatusChangeWhenSystemHasCatAndArmedHome" classname="com.udacity.catpoint.SecurityServiceTest" time="0.001">
    <error message="Cannot invoke &quot;com.udacity.catpoint.data.SecurityRepository.getArmingStatus()&quot; because &quot;this.securityRepository&quot; is null" type="java.lang.NullPointerException">java.lang.NullPointerException: Cannot invoke "com.udacity.catpoint.data.SecurityRepository.getArmingStatus()" because "this.securityRepository" is null
	at com.udacity.catpoint.SecurityServiceTest.alarmStatusChangeWhenSystemHasCatAndArmedHome(SecurityServiceTest.java:199)
</error>
  </testcase>
  <testcase name="systemSetToAlarmWhenCatDetectedAndArmedHome" classname="com.udacity.catpoint.SecurityServiceTest" time="0.103">
    <error message="&#10;Misplaced or misused argument matcher detected here:&#10;&#10;-&gt; at com.udacity.catpoint.SecurityServiceTest.systemSetToAlarmWhenCatDetectedAndArmedHome(SecurityServiceTest.java:121)&#10;-&gt; at com.udacity.catpoint.SecurityServiceTest.systemSetToAlarmWhenCatDetectedAndArmedHome(SecurityServiceTest.java:121)&#10;&#10;You cannot use argument matchers outside of verification or stubbing.&#10;Examples of correct usage of argument matchers:&#10;    when(mock.get(anyInt())).thenReturn(null);&#10;    doThrow(new RuntimeException()).when(mock).someVoidMethod(anyObject());&#10;    verify(mock).someMethod(contains(&quot;foo&quot;))&#10;&#10;This message may appear after an NullPointerException if the last matcher is returning an object &#10;like any() but the stubbed method signature expect a primitive argument, in this case,&#10;use primitive alternatives.&#10;    when(mock.get(any())); // bad use, will raise NPE&#10;    when(mock.get(anyInt())); // correct usage use&#10;&#10;Also, this error might show up because you use argument matchers with methods that cannot be mocked.&#10;Following methods *cannot* be stubbed/verified: final/private/equals()/hashCode().&#10;Mocking methods declared on non-public parent classes is not supported.&#10;" type="org.mockito.exceptions.misusing.InvalidUseOfMatchersException">org.mockito.exceptions.misusing.InvalidUseOfMatchersException: 

Misplaced or misused argument matcher detected here:

-> at com.udacity.catpoint.SecurityServiceTest.systemSetToAlarmWhenCatDetectedAndArmedHome(SecurityServiceTest.java:121)
-> at com.udacity.catpoint.SecurityServiceTest.systemSetToAlarmWhenCatDetectedAndArmedHome(SecurityServiceTest.java:121)

You cannot use argument matchers outside of verification or stubbing.
Examples of correct usage of argument matchers:
    when(mock.get(anyInt())).thenReturn(null);
    doThrow(new RuntimeException()).when(mock).someVoidMethod(anyObject());
    verify(mock).someMethod(contains("foo"))

This message may appear after an NullPointerException if the last matcher is returning an object 
like any() but the stubbed method signature expect a primitive argument, in this case,
use primitive alternatives.
    when(mock.get(any())); // bad use, will raise NPE
    when(mock.get(anyInt())); // correct usage use

Also, this error might show up because you use argument matchers with methods that cannot be mocked.
Following methods *cannot* be stubbed/verified: final/private/equals()/hashCode().
Mocking methods declared on non-public parent classes is not supported.

	at com.udacity.catpoint.SecurityServiceTest.systemSetToAlarmWhenCatDetectedAndArmedHome(SecurityServiceTest.java:121)
</error>
  </testcase>
  <testcase name="noAlarmStatusWhenNoCatDetected" classname="com.udacity.catpoint.SecurityServiceTest" time="0.003">
    <error message="&#10;Misplaced or misused argument matcher detected here:&#10;&#10;-&gt; at com.udacity.catpoint.SecurityServiceTest.noAlarmStatusWhenNoCatDetected(SecurityServiceTest.java:153)&#10;-&gt; at com.udacity.catpoint.SecurityServiceTest.noAlarmStatusWhenNoCatDetected(SecurityServiceTest.java:153)&#10;&#10;You cannot use argument matchers outside of verification or stubbing.&#10;Examples of correct usage of argument matchers:&#10;    when(mock.get(anyInt())).thenReturn(null);&#10;    doThrow(new RuntimeException()).when(mock).someVoidMethod(anyObject());&#10;    verify(mock).someMethod(contains(&quot;foo&quot;))&#10;&#10;This message may appear after an NullPointerException if the last matcher is returning an object &#10;like any() but the stubbed method signature expect a primitive argument, in this case,&#10;use primitive alternatives.&#10;    when(mock.get(any())); // bad use, will raise NPE&#10;    when(mock.get(anyInt())); // correct usage use&#10;&#10;Also, this error might show up because you use argument matchers with methods that cannot be mocked.&#10;Following methods *cannot* be stubbed/verified: final/private/equals()/hashCode().&#10;Mocking methods declared on non-public parent classes is not supported.&#10;" type="org.mockito.exceptions.misusing.InvalidUseOfMatchersException">org.mockito.exceptions.misusing.InvalidUseOfMatchersException: 

Misplaced or misused argument matcher detected here:

-> at com.udacity.catpoint.SecurityServiceTest.noAlarmStatusWhenNoCatDetected(SecurityServiceTest.java:153)
-> at com.udacity.catpoint.SecurityServiceTest.noAlarmStatusWhenNoCatDetected(SecurityServiceTest.java:153)

You cannot use argument matchers outside of verification or stubbing.
Examples of correct usage of argument matchers:
    when(mock.get(anyInt())).thenReturn(null);
    doThrow(new RuntimeException()).when(mock).someVoidMethod(anyObject());
    verify(mock).someMethod(contains("foo"))

This message may appear after an NullPointerException if the last matcher is returning an object 
like any() but the stubbed method signature expect a primitive argument, in this case,
use primitive alternatives.
    when(mock.get(any())); // bad use, will raise NPE
    when(mock.get(anyInt())); // correct usage use

Also, this error might show up because you use argument matchers with methods that cannot be mocked.
Following methods *cannot* be stubbed/verified: final/private/equals()/hashCode().
Mocking methods declared on non-public parent classes is not supported.

	at com.udacity.catpoint.SecurityServiceTest.noAlarmStatusWhenNoCatDetected(SecurityServiceTest.java:153)
</error>
  </testcase>
  <testcase name="alarmStatusChangedWhenCatDetectedOnArmedHome" classname="com.udacity.catpoint.SecurityServiceTest" time="0.002">
    <error message="&#10;Misplaced or misused argument matcher detected here:&#10;&#10;-&gt; at com.udacity.catpoint.SecurityServiceTest.alarmStatusChangedWhenCatDetectedOnArmedHome(SecurityServiceTest.java:131)&#10;-&gt; at com.udacity.catpoint.SecurityServiceTest.alarmStatusChangedWhenCatDetectedOnArmedHome(SecurityServiceTest.java:131)&#10;&#10;You cannot use argument matchers outside of verification or stubbing.&#10;Examples of correct usage of argument matchers:&#10;    when(mock.get(anyInt())).thenReturn(null);&#10;    doThrow(new RuntimeException()).when(mock).someVoidMethod(anyObject());&#10;    verify(mock).someMethod(contains(&quot;foo&quot;))&#10;&#10;This message may appear after an NullPointerException if the last matcher is returning an object &#10;like any() but the stubbed method signature expect a primitive argument, in this case,&#10;use primitive alternatives.&#10;    when(mock.get(any())); // bad use, will raise NPE&#10;    when(mock.get(anyInt())); // correct usage use&#10;&#10;Also, this error might show up because you use argument matchers with methods that cannot be mocked.&#10;Following methods *cannot* be stubbed/verified: final/private/equals()/hashCode().&#10;Mocking methods declared on non-public parent classes is not supported.&#10;" type="org.mockito.exceptions.misusing.InvalidUseOfMatchersException">org.mockito.exceptions.misusing.InvalidUseOfMatchersException: 

Misplaced or misused argument matcher detected here:

-> at com.udacity.catpoint.SecurityServiceTest.alarmStatusChangedWhenCatDetectedOnArmedHome(SecurityServiceTest.java:131)
-> at com.udacity.catpoint.SecurityServiceTest.alarmStatusChangedWhenCatDetectedOnArmedHome(SecurityServiceTest.java:131)

You cannot use argument matchers outside of verification or stubbing.
Examples of correct usage of argument matchers:
    when(mock.get(anyInt())).thenReturn(null);
    doThrow(new RuntimeException()).when(mock).someVoidMethod(anyObject());
    verify(mock).someMethod(contains("foo"))

This message may appear after an NullPointerException if the last matcher is returning an object 
like any() but the stubbed method signature expect a primitive argument, in this case,
use primitive alternatives.
    when(mock.get(any())); // bad use, will raise NPE
    when(mock.get(anyInt())); // correct usage use

Also, this error might show up because you use argument matchers with methods that cannot be mocked.
Following methods *cannot* be stubbed/verified: final/private/equals()/hashCode().
Mocking methods declared on non-public parent classes is not supported.

	at com.udacity.catpoint.SecurityServiceTest.alarmStatusChangedWhenCatDetectedOnArmedHome(SecurityServiceTest.java:131)
</error>
  </testcase>
  <testcase name="systemInPendingAlarmStatusWhenArmedAndSensorActivated" classname="com.udacity.catpoint.SecurityServiceTest" time="0.001">
    <error message="Cannot invoke &quot;com.udacity.catpoint.data.SecurityRepository.getArmingStatus()&quot; because &quot;this.securityRepository&quot; is null" type="java.lang.NullPointerException">java.lang.NullPointerException: Cannot invoke "com.udacity.catpoint.data.SecurityRepository.getArmingStatus()" because "this.securityRepository" is null
	at com.udacity.catpoint.SecurityServiceTest.systemInPendingAlarmStatusWhenArmedAndSensorActivated(SecurityServiceTest.java:58)
</error>
  </testcase>
  <testcase name="systemSetToAlarmWhenSensorActivatedAndPendingAlarm" classname="com.udacity.catpoint.SecurityServiceTest" time="0.001">
    <error message="Cannot invoke &quot;com.udacity.catpoint.data.SecurityRepository.getAlarmStatus()&quot; because &quot;this.securityRepository&quot; is null" type="java.lang.NullPointerException">java.lang.NullPointerException: Cannot invoke "com.udacity.catpoint.data.SecurityRepository.getAlarmStatus()" because "this.securityRepository" is null
	at com.udacity.catpoint.SecurityServiceTest.systemSetToAlarmWhenSensorActivatedAndPendingAlarm(SecurityServiceTest.java:110)
</error>
  </testcase>
  <testcase name="alarmStatusChangeWhenSystemHasCatAndArmed" classname="com.udacity.catpoint.SecurityServiceTest" time="0.002">
    <error message="&#10;Misplaced or misused argument matcher detected here:&#10;&#10;-&gt; at com.udacity.catpoint.SecurityServiceTest.alarmStatusChangeWhenSystemHasCatAndArmed(SecurityServiceTest.java:178)&#10;-&gt; at com.udacity.catpoint.SecurityServiceTest.alarmStatusChangeWhenSystemHasCatAndArmed(SecurityServiceTest.java:178)&#10;&#10;You cannot use argument matchers outside of verification or stubbing.&#10;Examples of correct usage of argument matchers:&#10;    when(mock.get(anyInt())).thenReturn(null);&#10;    doThrow(new RuntimeException()).when(mock).someVoidMethod(anyObject());&#10;    verify(mock).someMethod(contains(&quot;foo&quot;))&#10;&#10;This message may appear after an NullPointerException if the last matcher is returning an object &#10;like any() but the stubbed method signature expect a primitive argument, in this case,&#10;use primitive alternatives.&#10;    when(mock.get(any())); // bad use, will raise NPE&#10;    when(mock.get(anyInt())); // correct usage use&#10;&#10;Also, this error might show up because you use argument matchers with methods that cannot be mocked.&#10;Following methods *cannot* be stubbed/verified: final/private/equals()/hashCode().&#10;Mocking methods declared on non-public parent classes is not supported.&#10;" type="org.mockito.exceptions.misusing.InvalidUseOfMatchersException">org.mockito.exceptions.misusing.InvalidUseOfMatchersException: 

Misplaced or misused argument matcher detected here:

-> at com.udacity.catpoint.SecurityServiceTest.alarmStatusChangeWhenSystemHasCatAndArmed(SecurityServiceTest.java:178)
-> at com.udacity.catpoint.SecurityServiceTest.alarmStatusChangeWhenSystemHasCatAndArmed(SecurityServiceTest.java:178)

You cannot use argument matchers outside of verification or stubbing.
Examples of correct usage of argument matchers:
    when(mock.get(anyInt())).thenReturn(null);
    doThrow(new RuntimeException()).when(mock).someVoidMethod(anyObject());
    verify(mock).someMethod(contains("foo"))

This message may appear after an NullPointerException if the last matcher is returning an object 
like any() but the stubbed method signature expect a primitive argument, in this case,
use primitive alternatives.
    when(mock.get(any())); // bad use, will raise NPE
    when(mock.get(anyInt())); // correct usage use

Also, this error might show up because you use argument matchers with methods that cannot be mocked.
Following methods *cannot* be stubbed/verified: final/private/equals()/hashCode().
Mocking methods declared on non-public parent classes is not supported.

	at com.udacity.catpoint.SecurityServiceTest.alarmStatusChangeWhenSystemHasCatAndArmed(SecurityServiceTest.java:178)
</error>
  </testcase>
  <testcase name="noAlarmStatusChangeWhenAlarmActiveAndSensorChanged" classname="com.udacity.catpoint.SecurityServiceTest" time="0.004">
    <error message="Cannot invoke &quot;com.udacity.catpoint.data.SecurityRepository.getAlarmStatus()&quot; because &quot;this.securityRepository&quot; is null" type="java.lang.NullPointerException">java.lang.NullPointerException: Cannot invoke "com.udacity.catpoint.data.SecurityRepository.getAlarmStatus()" because "this.securityRepository" is null
	at com.udacity.catpoint.SecurityServiceTest.noAlarmStatusChangeWhenAlarmActiveAndSensorChanged(SecurityServiceTest.java:98)
</error>
  </testcase>
  <testcase name="whenSystemIsDisarmedThenSetNoAlarmStatus" classname="com.udacity.catpoint.SecurityServiceTest" time="0.002">
    <error message="Cannot invoke &quot;com.udacity.catpoint.data.SecurityRepository.setAlarmStatus(com.udacity.catpoint.data.AlarmStatus)&quot; because &quot;this.securityRepository&quot; is null" type="java.lang.NullPointerException">java.lang.NullPointerException: Cannot invoke "com.udacity.catpoint.data.SecurityRepository.setAlarmStatus(com.udacity.catpoint.data.AlarmStatus)" because "this.securityRepository" is null
	at com.udacity.catpoint.SecurityServiceTest.whenSystemIsDisarmedThenSetNoAlarmStatus(SecurityServiceTest.java:91)
</error>
  </testcase>
  <testcase name="sensorActivationWhenArmingStatusDisarmed{AlarmStatus}[1]" classname="com.udacity.catpoint.SecurityServiceTest" time="0.002">
    <error message="Cannot invoke &quot;com.udacity.catpoint.data.SecurityRepository.getArmingStatus()&quot; because &quot;this.securityRepository&quot; is null" type="java.lang.NullPointerException">java.lang.NullPointerException: Cannot invoke "com.udacity.catpoint.data.SecurityRepository.getArmingStatus()" because "this.securityRepository" is null
	at com.udacity.catpoint.SecurityServiceTest.sensorActivationWhenArmingStatusDisarmed(SecurityServiceTest.java:189)
</error>
  </testcase>
  <testcase name="sensorActivationWhenArmingStatusDisarmed{AlarmStatus}[2]" classname="com.udacity.catpoint.SecurityServiceTest" time="0.001">
    <error message="Cannot invoke &quot;com.udacity.catpoint.data.SecurityRepository.getArmingStatus()&quot; because &quot;this.securityRepository&quot; is null" type="java.lang.NullPointerException">java.lang.NullPointerException: Cannot invoke "com.udacity.catpoint.data.SecurityRepository.getArmingStatus()" because "this.securityRepository" is null
	at com.udacity.catpoint.SecurityServiceTest.sensorActivationWhenArmingStatusDisarmed(SecurityServiceTest.java:189)
</error>
  </testcase>
</testsuite>